#
# There is insufficient memory for the Java Runtime Environment to continue.
# Native memory allocation (mmap) failed to map 134217728 bytes for Failed to commit area from 0x0000000081a00000 to 0x0000000089a00000 of length 134217728.
# Possible reasons:
#   The system is out of physical RAM or swap space
#   The process is running with CompressedOops enabled, and the Java Heap may be blocking the growth of the native heap
# Possible solutions:
#   Reduce memory load on the system
#   Increase physical memory or swap space
#   Check if swap backing store is full
#   Decrease Java heap size (-Xmx/-Xms)
#   Decrease number of Java threads
#   Decrease Java thread stack sizes (-Xss)
#   Set larger code cache with -XX:ReservedCodeCacheSize=
# This output file may be truncated or incomplete.
#
#  Out of Memory Error (t:/workspace/open/src/hotspot/os/windows/os_windows.cpp:3269), pid=8600, tid=11180
#
# JRE version:  (11.0.3+12) (build )
# Java VM: Java HotSpot(TM) 64-Bit Server VM (11.0.3+12-LTS, mixed mode, aot, sharing, tiered, compressed oops, g1 gc, windows-amd64)
# No core dump will be written. Minidumps are not enabled by default on client versions of Windows
#

---------------  S U M M A R Y ------------

Command Line: -Dcom.sun.management.jmxremote -Dcom.sun.management.jmxremote.port=53703 -Dcom.sun.management.jmxremote.authenticate=false -Dcom.sun.management.jmxremote.ssl=false -Djava.rmi.server.hostname=localhost -Dspring.jmx.enabled=true -Dspring.application.admin.enabled=true -Xverify:none -XX:TieredStopAtLevel=1 -Dfile.encoding=UTF-8 com.bolsadeideas.springboot.app.SpringBootDataJpaApplication

Host: Intel(R) Core(TM) i7-3610QM CPU @ 2.30GHz, 8 cores, 7G,  Windows 10 , 64 bit Build 17763 (10.0.17763.1158)
Time: Tue Apr 28 10:43:01 2020 Hora estándar este, Australia elapsed time: 0 seconds (0d 0h 0m 0s)

---------------  T H R E A D  ---------------

Current thread (0x000001af21a19000):  JavaThread "Unknown thread" [_thread_in_vm, id=11180, stack(0x00000043f6000000,0x00000043f6100000)]

Stack: [0x00000043f6000000,0x00000043f6100000]
Native frames: (J=compiled Java code, j=interpreted, Vv=VM code, C=native code)
V  [jvm.dll+0x63582a]
V  [jvm.dll+0x77360f]
V  [jvm.dll+0x774cba]
V  [jvm.dll+0x775373]
V  [jvm.dll+0x25e9c8]
V  [jvm.dll+0x632cba]
V  [jvm.dll+0x627715]
V  [jvm.dll+0x31523c]
V  [jvm.dll+0x3150c2]
V  [jvm.dll+0x31a936]
V  [jvm.dll+0x36667f]
V  [jvm.dll+0x3660a0]
V  [jvm.dll+0x2f1da8]
V  [jvm.dll+0x2f2f06]
V  [jvm.dll+0x74c867]
V  [jvm.dll+0x74dfaf]
V  [jvm.dll+0x3734b9]
V  [jvm.dll+0x732f09]
V  [jvm.dll+0x3e291d]
V  [jvm.dll+0x3e4cb1]
C  [javaw.exe+0x3617]
C  [javaw.exe+0x17e2c]
C  [KERNEL32.DLL+0x17974]
C  [ntdll.dll+0x6a271]


---------------  P R O C E S S  ---------------

Threads class SMR info:
_java_thread_list=0x000001af1f970c20, length=0, elements={
}

Java Threads: ( => current thread )

Other Threads:
  0x000001af21a32000 GCTaskThread "GC Thread#0" [stack: 0x00000043f6100000,0x00000043f6200000] [id=1008]
  0x000001af21a64000 ConcurrentGCThread "G1 Main Marker" [stack: 0x00000043f6200000,0x00000043f6300000] [id=5548]
  0x000001af21a65800 ConcurrentGCThread "G1 Conc#0" [stack: 0x00000043f6300000,0x00000043f6400000] [id=13232]

[error occurred during error reporting (printing all threads), id 0xc0000005, EXCEPTION_ACCESS_VIOLATION (0xc0000005) at pc=0x00007fffc2390497]

VM state:not at safepoint (not fully initialized)

VM Mutex/Monitor currently owned by a thread:  ([mutex/lock_event])
[0x000001af21a16c20] Heap_lock - owner thread: 0x000001af21a19000

Heap address: 0x0000000081a00000, size: 2022 MB, Compressed Oops mode: Non-zero based: 0x0000000081a00000
Narrow klass base: 0x0000000000000000, Narrow klass shift: 0

GC Heap History (0 events):
No events

Deoptimization events (0 events):
No events

Classes redefined (0 events):
No events

Internal exceptions (0 events):
No events

Events (0 events):
No events


Dynamic libraries:
0x00007ff61f270000 - 0x00007ff61f2b7000 	C:\Program Files\Java\jdk-11.0.3\bin\javaw.exe
0x00007ff80dcf0000 - 0x00007ff80dedd000 	C:\WINDOWS\SYSTEM32\ntdll.dll
0x00007ff8057c0000 - 0x00007ff8057d3000 	C:\Program Files\AVG\Antivirus\aswhook.dll
0x00007ff80d2c0000 - 0x00007ff80d373000 	C:\WINDOWS\System32\KERNEL32.DLL
0x00007ff8096a0000 - 0x00007ff809935000 	C:\WINDOWS\System32\KERNELBASE.dll
0x00007ff80d3f0000 - 0x00007ff80d493000 	C:\WINDOWS\System32\ADVAPI32.dll
0x00007ff80d7c0000 - 0x00007ff80d85e000 	C:\WINDOWS\System32\msvcrt.dll
0x00007ff80ce50000 - 0x00007ff80ceee000 	C:\WINDOWS\System32\sechost.dll
0x00007ff80d860000 - 0x00007ff80d982000 	C:\WINDOWS\System32\RPCRT4.dll
0x00007ff80d120000 - 0x00007ff80d2b7000 	C:\WINDOWS\System32\USER32.dll
0x00007ff80a550000 - 0x00007ff80a570000 	C:\WINDOWS\System32\win32u.dll
0x00007ff80da60000 - 0x00007ff80da89000 	C:\WINDOWS\System32\GDI32.dll
0x00007ff809460000 - 0x00007ff8095f9000 	C:\WINDOWS\System32\gdi32full.dll
0x00007ff809600000 - 0x00007ff8096a0000 	C:\WINDOWS\System32\msvcp_win.dll
0x00007ff809a10000 - 0x00007ff809b0a000 	C:\WINDOWS\System32\ucrtbase.dll
0x00007ffffad60000 - 0x00007ffffafd9000 	C:\WINDOWS\WinSxS\amd64_microsoft.windows.common-controls_6595b64144ccf1df_6.0.17763.1158_none_de722d88534a897f\COMCTL32.dll
0x00007ff80a6a0000 - 0x00007ff80a9cc000 	C:\WINDOWS\System32\combase.dll
0x00007ff80a4a0000 - 0x00007ff80a51e000 	C:\WINDOWS\System32\bcryptPrimitives.dll
0x00007ff801ab0000 - 0x00007ff801aba000 	C:\WINDOWS\SYSTEM32\VERSION.dll
0x00007ff80af90000 - 0x00007ff80afbe000 	C:\WINDOWS\System32\IMM32.DLL
0x00007ffff3e00000 - 0x00007ffff3e16000 	C:\Program Files\Java\jdk-11.0.3\bin\vcruntime140.dll
0x00007fffdcf70000 - 0x00007fffdd01a000 	C:\Program Files\Java\jdk-11.0.3\bin\msvcp140.dll
0x00007fffc2090000 - 0x00007fffc2bb7000 	C:\Program Files\Java\jdk-11.0.3\bin\server\jvm.dll
0x00007ff80d750000 - 0x00007ff80d758000 	C:\WINDOWS\System32\PSAPI.DLL
0x00007ffff95e0000 - 0x00007ffff95e9000 	C:\WINDOWS\SYSTEM32\WSOCK32.dll
0x00007ff80cb40000 - 0x00007ff80cbad000 	C:\WINDOWS\System32\WS2_32.dll
0x00007ff8073b0000 - 0x00007ff8073d4000 	C:\WINDOWS\SYSTEM32\WINMM.dll
0x00007ff807020000 - 0x00007ff80704d000 	C:\WINDOWS\SYSTEM32\WINMMBASE.dll
0x00007ff809410000 - 0x00007ff80945a000 	C:\WINDOWS\System32\cfgmgr32.dll
0x00007ff809370000 - 0x00007ff809381000 	C:\WINDOWS\System32\kernel.appcore.dll
0x00007ffff3de0000 - 0x00007ffff3df1000 	C:\Program Files\Java\jdk-11.0.3\bin\verify.dll
0x00007ffffcd40000 - 0x00007ffffcf2d000 	C:\WINDOWS\SYSTEM32\DBGHELP.DLL
0x00007ffffca30000 - 0x00007ffffca5a000 	C:\WINDOWS\SYSTEM32\dbgcore.DLL
0x00007ffff3840000 - 0x00007ffff3869000 	C:\Program Files\Java\jdk-11.0.3\bin\java.dll
0x00007ffff3660000 - 0x00007ffff3676000 	C:\Program Files\Java\jdk-11.0.3\bin\zip.dll
0x00007ffff98c0000 - 0x00007ffff98ca000 	C:\Program Files\Java\jdk-11.0.3\bin\jimage.dll

dbghelp: loaded successfully - version: 4.0.5 - missing functions: none
symbol engine: initialized successfully - sym options: 0x614 - pdb path: .;C:\Program Files\Java\jdk-11.0.3\bin;C:\WINDOWS\SYSTEM32;C:\Program Files\AVG\Antivirus;C:\WINDOWS\WinSxS\amd64_microsoft.windows.common-controls_6595b64144ccf1df_6.0.17763.1158_none_de722d88534a897f;C:\Program Files\Java\jdk-11.0.3\bin\server

VM Arguments:
jvm_args: -Dcom.sun.management.jmxremote -Dcom.sun.management.jmxremote.port=53703 -Dcom.sun.management.jmxremote.authenticate=false -Dcom.sun.management.jmxremote.ssl=false -Djava.rmi.server.hostname=localhost -Dspring.jmx.enabled=true -Dspring.application.admin.enabled=true -Xverify:none -XX:TieredStopAtLevel=1 -Dfile.encoding=UTF-8 
java_command: com.bolsadeideas.springboot.app.SpringBootDataJpaApplication
java_class_path (initial): C:\spring5\workspace\spring-boot-data-jpa\target\classes;C:\Users\Henry\.m2\repository\org\springframework\boot\spring-boot-starter-data-jpa\2.1.4.RELEASE\spring-boot-starter-data-jpa-2.1.4.RELEASE.jar;C:\Users\Henry\.m2\repository\org\springframework\boot\spring-boot-starter-aop\2.1.4.RELEASE\spring-boot-starter-aop-2.1.4.RELEASE.jar;C:\Users\Henry\.m2\repository\org\springframework\spring-aop\5.1.6.RELEASE\spring-aop-5.1.6.RELEASE.jar;C:\Users\Henry\.m2\repository\org\aspectj\aspectjweaver\1.9.2\aspectjweaver-1.9.2.jar;C:\Users\Henry\.m2\repository\org\springframework\boot\spring-boot-starter-jdbc\2.1.4.RELEASE\spring-boot-starter-jdbc-2.1.4.RELEASE.jar;C:\Users\Henry\.m2\repository\com\zaxxer\HikariCP\3.2.0\HikariCP-3.2.0.jar;C:\Users\Henry\.m2\repository\org\springframework\spring-jdbc\5.1.6.RELEASE\spring-jdbc-5.1.6.RELEASE.jar;C:\Users\Henry\.m2\repository\javax\transaction\javax.transaction-api\1.3\javax.transaction-api-1.3.jar;C:\Users\Henry\.m2\repository\javax\xml\bind\jaxb-api\2.3.1\jaxb-api-2.3.1.jar;C:\Users\Henry\.m2\repository\javax\activation\javax.activation-api\1.2.0\javax.activation-api-1.2.0.jar;C:\Users\Henry\.m2\repository\org\hibernate\hibernate-core\5.3.9.Final\hibernate-core-5.3.9.Final.jar;C:\Users\Henry\.m2\repository\org\jboss\logging\jboss-logging\3.3.2.Final\jboss-logging-3.3.2.Final.jar;C:\Users\Henry\.m2\repository\javax\persistence\javax.persistence-api\2.2\javax.persistence-api-2.2.jar;C:\Users\Henry\.m2\repository\org\javassist\javassist\3.23.1-GA\javassist-3.23.1-GA.jar;C:\Users\Henry\.m2\repository\net\bytebuddy\byte-buddy\1.9.12\byte-buddy-1.9.12.jar;C:\Users\Henry\.m2\repository\antlr\antlr\2.7.7\antlr-2.7.7.jar;C:\Users\Henry\.m2\repository\org\jboss\jandex\2.0.5.Final\jandex-2.0.5.Final.jar;C:\Users\Henry\.m2\repository\com\fasterxml\classmate\1.4.0\classmate-1.4.0.jar;C:\Users\Henry\.m2\repository\org\dom4j\dom4j\2.1.1\dom4j-2.1.1.jar;C:\Users\Henry\.m2\repository\org\hibernate\common\hibernate-c
Launcher Type: SUN_STANDARD

[Global flags]
     bool BytecodeVerificationLocal                = false                                     {product} {command line}
     bool BytecodeVerificationRemote               = false                                     {product} {command line}
     intx CICompilerCount                          = 4                                         {product} {ergonomic}
     uint ConcGCThreads                            = 2                                         {product} {ergonomic}
     uint G1ConcRefinementThreads                  = 8                                         {product} {ergonomic}
   size_t G1HeapRegionSize                         = 1048576                                   {product} {ergonomic}
    uintx GCDrainStackTargetSize                   = 64                                        {product} {ergonomic}
   size_t InitialHeapSize                          = 134217728                                 {product} {ergonomic}
     bool ManagementServer                         = true                                      {product} {command line}
   size_t MarkStackSize                            = 4194304                                   {product} {ergonomic}
   size_t MaxHeapSize                              = 2120220672                                {product} {ergonomic}
   size_t MinHeapDeltaBytes                        = 1048576                                   {product} {ergonomic}
    uintx NonNMethodCodeHeapSize                   = 7549744                                {pd product} {ergonomic}
    uintx NonProfiledCodeHeapSize                  = 244108496                              {pd product} {ergonomic}
    uintx ProfiledCodeHeapSize                     = 0                                      {pd product} {ergonomic}
    uintx ReservedCodeCacheSize                    = 251658240                              {pd product} {ergonomic}
     bool SegmentedCodeCache                       = true                                      {product} {ergonomic}
     intx TieredStopAtLevel                        = 1                                         {product} {command line}
     bool UseCompressedClassPointers               = true                                 {lp64_product} {ergonomic}
     bool UseCompressedOops                        = true                                 {lp64_product} {ergonomic}
     bool UseG1GC                                  = true                                      {product} {ergonomic}
     bool UseLargePagesIndividualAllocation        = false                                  {pd product} {ergonomic}

Logging:
Log output configuration:
 #0: stdout all=warning uptime,level,tags
 #1: stderr all=off uptime,level,tags

Environment Variables:
JAVA_HOME=C:\Program Files\Java\jdk-11.0.3
CLASSPATH=C:\apache-tomcat-7.0.67\lib\servlet-api.jar; C:\apache-tomcat-7.0.67\lib\jsp-api.jar;
PATH=C:/Program Files/Java/jdk1.8.0_45/jre/bin/server;C:/Program Files/Java/jdk1.8.0_45/jre/bin;C:/Program Files/Java/jdk1.8.0_45/jre/lib/amd64;C:\oraclexe\app\oracle\product\11.2.0\server\bin;C:\Program Files (x86)\HP SimplePass\;C:\Program Files (x86)\NVIDIA Corporation\PhysX\Common;C:\Program Files (x86)\Intel\iCLS Client\;C:\Program Files\Intel\iCLS Client\;C:\Program Files\Common Files\Microsoft Shared\Windows Live;C:\Program Files (x86)\Common Files\Microsoft Shared\Windows Live;C:\Windows\system32;C:\Windows;C:\Windows\System32\Wbem;C:\Windows\System32\WindowsPowerShell\v1.0\;C:\Program Files (x86)\Windows Live\Shared;C:\Program Files\Intel\Intel(R) Management Engine Components\DAL;C:\Program Files\Intel\Intel(R) Management Engine Components\IPT;C:\Program Files (x86)\Intel\Intel(R) Management Engine Components\DAL;C:\Program Files (x86)\Intel\Intel(R) Management Engine Components\IPT;C:\Program Files (x86)\Intel\OpenCL SDK\2.0\bin\x86;C:\Program Files (x86)\Intel\OpenCL SDK\2.0\bin\x64;C:\Program Files\Intel\WiFi\bin\;C:\Program Files\Common Files\Intel\WirelessCommon\;C:\Program Files (x86)\GtkSharp\2.12\bin;C:\Program Files\Microsoft SQL Server\110\Tools\Binn\;C:\apache-tomcat-7.0.67\bin;C:\Program Files (x86)\Microsoft SQL Server\120\Tools\Binn\ManagementStudio\;C:\Program Files (x86)\Microsoft SQL Server\120\Tools\Binn\;C:\Program Files (x86)\Microsoft Visual Studio 12.0\Common7\IDE\PrivateAssemblies\;C:\Program Files (x86)\Microsoft SQL Server\120\DTS\Binn\;C:\Program Files\glassfish-4.1\glassfish\bin;C:\WINDOWS\system32;C:\WINDOWS;C:\WINDOWS\System32\Wbem;C:\WINDOWS\System32\WindowsPowerShell\v1.0\;C:\WINDOWS\System32\OpenSSH\;C:\Program Files\dotnet\;C:\Program Files\Microsoft SQL Server\130\Tools\Binn\;C:\Program Files\Java\jdk-11.0.3\bin;C:\Program Files\Microsoft SQL Server\Client SDK\ODBC\130\Tools\Binn\;C:\Program Files (x86)\Microsoft SQL Server\140\Tools\Binn\;C:\Program Files\Microsoft SQL Server\140\Tools\Binn\;C:\Program Files\Microsoft SQL Ser
USERNAME=Henry
OS=Windows_NT
PROCESSOR_IDENTIFIER=Intel64 Family 6 Model 58 Stepping 9, GenuineIntel



---------------  S Y S T E M  ---------------

OS: Windows 10 , 64 bit Build 17763 (10.0.17763.1158)

CPU:total 8 (initial active 8) (4 cores per cpu, 2 threads per core) family 6 model 58 stepping 9, cmov, cx8, fxsr, mmx, sse, sse2, sse3, ssse3, sse4.1, sse4.2, popcnt, avx, aes, clmul, erms, ht, tsc, tscinvbit, tscinv

Memory: 4k page, system-wide physical 8087M (614M free)
TotalPageFile size 8087M (AvailPageFile size 56M)
current process WorkingSet (physical memory assigned to process): 10M, peak: 10M
current process commit charge ("private bytes"): 57M, peak: 185M

vm_info: Java HotSpot(TM) 64-Bit Server VM (11.0.3+12-LTS) for windows-amd64 JRE (11.0.3+12-LTS), built on Apr  2 2019 12:43:09 by "mach5one" with MS VC++ 15.5 (VS2017)

END.
